-------------------------------------------------------------------------------
Test set: com.beko.DemoBank_v1.DemoBankV1ApplicationTests
-------------------------------------------------------------------------------
Tests run: 1, Failures: 0, Errors: 1, Skipped: 0, Time elapsed: 4.079 s <<< FAILURE! - in com.beko.DemoBank_v1.DemoBankV1ApplicationTests
contextLoads  Time elapsed: 0.004 s  <<< ERROR!
java.lang.IllegalStateException: Failed to load ApplicationContext
Caused by: org.springframework.beans.factory.UnsatisfiedDependencyException: Error creating bean with name 'appConfig': Unsatisfied dependency expressed through field 'appInterceptor'; nested exception is org.springframework.beans.factory.UnsatisfiedDependencyException: Error creating bean with name 'appInterceptor' defined in file [/Users/linyingqi/Documents/GitHub/Advanced-Full-Stack-Project-With-Java-Spring-Boot-And-React-Redux-Online-Banking/Online Banking App Spring Boot/target/classes/com/beko/DemoBank_v1/interceptors/AppInterceptor.class]: Unsatisfied dependency expressed through constructor parameter 0; nested exception is org.springframework.beans.factory.BeanCreationException: Error creating bean with name 'userRepository' defined in com.beko.DemoBank_v1.repository.UserRepository defined in @EnableJpaRepositories declared on DemoBankV1Application: Cannot create inner bean '(inner bean)#39e69ea7' of type [org.springframework.orm.jpa.SharedEntityManagerCreator] while setting bean property 'entityManager'; nested exception is org.springframework.beans.factory.BeanCreationException: Error creating bean with name '(inner bean)#39e69ea7': Cannot resolve reference to bean 'entityManagerFactory' while setting constructor argument; nested exception is org.springframework.beans.factory.NoSuchBeanDefinitionException: No bean named 'entityManagerFactory' available
Caused by: org.springframework.beans.factory.UnsatisfiedDependencyException: Error creating bean with name 'appInterceptor' defined in file [/Users/linyingqi/Documents/GitHub/Advanced-Full-Stack-Project-With-Java-Spring-Boot-And-React-Redux-Online-Banking/Online Banking App Spring Boot/target/classes/com/beko/DemoBank_v1/interceptors/AppInterceptor.class]: Unsatisfied dependency expressed through constructor parameter 0; nested exception is org.springframework.beans.factory.BeanCreationException: Error creating bean with name 'userRepository' defined in com.beko.DemoBank_v1.repository.UserRepository defined in @EnableJpaRepositories declared on DemoBankV1Application: Cannot create inner bean '(inner bean)#39e69ea7' of type [org.springframework.orm.jpa.SharedEntityManagerCreator] while setting bean property 'entityManager'; nested exception is org.springframework.beans.factory.BeanCreationException: Error creating bean with name '(inner bean)#39e69ea7': Cannot resolve reference to bean 'entityManagerFactory' while setting constructor argument; nested exception is org.springframework.beans.factory.NoSuchBeanDefinitionException: No bean named 'entityManagerFactory' available
Caused by: org.springframework.beans.factory.BeanCreationException: Error creating bean with name 'userRepository' defined in com.beko.DemoBank_v1.repository.UserRepository defined in @EnableJpaRepositories declared on DemoBankV1Application: Cannot create inner bean '(inner bean)#39e69ea7' of type [org.springframework.orm.jpa.SharedEntityManagerCreator] while setting bean property 'entityManager'; nested exception is org.springframework.beans.factory.BeanCreationException: Error creating bean with name '(inner bean)#39e69ea7': Cannot resolve reference to bean 'entityManagerFactory' while setting constructor argument; nested exception is org.springframework.beans.factory.NoSuchBeanDefinitionException: No bean named 'entityManagerFactory' available
Caused by: org.springframework.beans.factory.BeanCreationException: Error creating bean with name '(inner bean)#39e69ea7': Cannot resolve reference to bean 'entityManagerFactory' while setting constructor argument; nested exception is org.springframework.beans.factory.NoSuchBeanDefinitionException: No bean named 'entityManagerFactory' available
Caused by: org.springframework.beans.factory.NoSuchBeanDefinitionException: No bean named 'entityManagerFactory' available

